<?xml version="1.0" encoding="utf-8"?><testsuites><testsuite name="pytest" errors="0" failures="0" skipped="0" tests="22" time="0.948" timestamp="2025-01-08T13:30:42.247488+00:00" hostname="fv-az1390-129"><testcase classname="tests.test_company_crud" name="test_read_companies" time="0.238" /><testcase classname="tests.test_company_crud" name="test_read_company" time="0.018" /><testcase classname="tests.test_company_crud" name="test_read_company_not_found" time="0.014" /><testcase classname="tests.test_company_crud" name="test_create_company" time="0.020" /><testcase classname="tests.test_company_crud" name="test_create_company_duplicate" time="0.018" /><testcase classname="tests.test_company_crud" name="test_update_company" time="0.024" /><testcase classname="tests.test_company_crud" name="test_delete_company" time="0.033" /><testcase classname="tests.test_meta_r" name="test_read_fuel_types" time="0.024" /><testcase classname="tests.test_meta_r" name="test_read_ship_types" time="0.018" /><testcase classname="tests.test_meta_r" name="test_read_time_zones" time="0.018" /><testcase classname="tests.test_user_crud" name="test_read_users" time="0.021" /><testcase classname="tests.test_user_crud" name="test_read_user" time="0.020" /><testcase classname="tests.test_user_crud" name="test_read_user_not_found" time="0.017" /><testcase classname="tests.test_user_crud" name="test_create_user" time="0.028" /><testcase classname="tests.test_user_crud" name="test_update_user" time="0.027" /><testcase classname="tests.test_user_crud" name="test_delete_user" time="0.025" /><testcase classname="tests.test_vessel_crud" name="test_read_vessels" time="0.023" /><testcase classname="tests.test_vessel_crud" name="test_read_vessel" time="0.021" /><testcase classname="tests.test_vessel_crud" name="test_read_vessel_not_found" time="0.014" /><testcase classname="tests.test_vessel_crud" name="test_create_vessel" time="0.046" /><testcase classname="tests.test_vessel_crud" name="test_update_vessel" time="0.033" /><testcase classname="tests.test_vessel_crud" name="test_delete_vessel" time="0.029" /></testsuite></testsuites>