<?xml version="1.0" encoding="utf-8"?><testsuites><testsuite name="pytest" errors="0" failures="0" skipped="0" tests="21" time="0.697" timestamp="2025-01-06T12:58:38.514610+00:00" hostname="fv-az805-738"><testcase classname="tests.test_company_crud" name="test_read_companies" time="0.069" /><testcase classname="tests.test_company_crud" name="test_read_company" time="0.016" /><testcase classname="tests.test_company_crud" name="test_read_company_not_found" time="0.012" /><testcase classname="tests.test_company_crud" name="test_create_company" time="0.019" /><testcase classname="tests.test_company_crud" name="test_update_company" time="0.020" /><testcase classname="tests.test_company_crud" name="test_delete_company" time="0.027" /><testcase classname="tests.test_meta_r" name="test_read_fuel_types" time="0.016" /><testcase classname="tests.test_meta_r" name="test_read_ship_types" time="0.015" /><testcase classname="tests.test_meta_r" name="test_read_time_zones" time="0.015" /><testcase classname="tests.test_user_crud" name="test_read_users" time="0.018" /><testcase classname="tests.test_user_crud" name="test_read_user" time="0.018" /><testcase classname="tests.test_user_crud" name="test_read_user_not_found" time="0.012" /><testcase classname="tests.test_user_crud" name="test_create_user" time="0.024" /><testcase classname="tests.test_user_crud" name="test_update_user" time="0.025" /><testcase classname="tests.test_user_crud" name="test_delete_user" time="0.020" /><testcase classname="tests.test_vessel_crud" name="test_read_vessels" time="0.062" /><testcase classname="tests.test_vessel_crud" name="test_read_vessel" time="0.019" /><testcase classname="tests.test_vessel_crud" name="test_read_vessel_not_found" time="0.013" /><testcase classname="tests.test_vessel_crud" name="test_create_vessel" time="0.036" /><testcase classname="tests.test_vessel_crud" name="test_update_vessel" time="0.026" /><testcase classname="tests.test_vessel_crud" name="test_delete_vessel" time="0.025" /></testsuite></testsuites>