<?xml version="1.0" encoding="utf-8"?><testsuites><testsuite name="pytest" errors="0" failures="0" skipped="0" tests="13" time="0.447" timestamp="2025-01-04T13:35:57.410658+00:00" hostname="fv-az1721-600"><testcase classname="tests.test_company_crud" name="test_read_companies" time="0.068" /><testcase classname="tests.test_company_crud" name="test_read_company" time="0.015" /><testcase classname="tests.test_company_crud" name="test_create_company" time="0.019" /><testcase classname="tests.test_company_crud" name="test_update_company" time="0.019" /><testcase classname="tests.test_company_crud" name="test_delete_company" time="0.026" /><testcase classname="tests.test_meta_r" name="test_read_fuel_types" time="0.016" /><testcase classname="tests.test_meta_r" name="test_read_ship_types" time="0.015" /><testcase classname="tests.test_meta_r" name="test_read_time_zones" time="0.014" /><testcase classname="tests.test_user_crud" name="test_read_users" time="0.018" /><testcase classname="tests.test_user_crud" name="test_read_user" time="0.017" /><testcase classname="tests.test_user_crud" name="test_create_user" time="0.019" /><testcase classname="tests.test_user_crud" name="test_update_user" time="0.022" /><testcase classname="tests.test_user_crud" name="test_delete_user" time="0.021" /></testsuite></testsuites>