<?xml version="1.0" encoding="utf-8"?><testsuites><testsuite name="pytest" errors="0" failures="0" skipped="0" tests="22" time="0.768" timestamp="2025-01-10T00:30:52.752591+00:00" hostname="fv-az802-362"><testcase classname="tests.test_company_crud" name="test_read_companies" time="0.139" /><testcase classname="tests.test_company_crud" name="test_read_company" time="0.016" /><testcase classname="tests.test_company_crud" name="test_read_company_not_found" time="0.012" /><testcase classname="tests.test_company_crud" name="test_create_company" time="0.058" /><testcase classname="tests.test_company_crud" name="test_create_company_duplicate" time="0.016" /><testcase classname="tests.test_company_crud" name="test_update_company" time="0.020" /><testcase classname="tests.test_company_crud" name="test_delete_company" time="0.025" /><testcase classname="tests.test_meta_r" name="test_read_fuel_types" time="0.016" /><testcase classname="tests.test_meta_r" name="test_read_ship_types" time="0.015" /><testcase classname="tests.test_meta_r" name="test_read_time_zones" time="0.014" /><testcase classname="tests.test_user_crud" name="test_read_users" time="0.018" /><testcase classname="tests.test_user_crud" name="test_read_user" time="0.017" /><testcase classname="tests.test_user_crud" name="test_read_user_not_found" time="0.012" /><testcase classname="tests.test_user_crud" name="test_create_user" time="0.023" /><testcase classname="tests.test_user_crud" name="test_update_user" time="0.022" /><testcase classname="tests.test_user_crud" name="test_delete_user" time="0.020" /><testcase classname="tests.test_vessel_crud" name="test_read_vessels" time="0.017" /><testcase classname="tests.test_vessel_crud" name="test_read_vessel" time="0.017" /><testcase classname="tests.test_vessel_crud" name="test_read_vessel_not_found" time="0.012" /><testcase classname="tests.test_vessel_crud" name="test_create_vessel" time="0.035" /><testcase classname="tests.test_vessel_crud" name="test_update_vessel" time="0.025" /><testcase classname="tests.test_vessel_crud" name="test_delete_vessel" time="0.024" /></testsuite></testsuites>