<?xml version="1.0" encoding="utf-8"?><testsuites><testsuite name="pytest" errors="0" failures="0" skipped="0" tests="4" time="0.241" timestamp="2025-01-04T12:28:25.925333+00:00" hostname="fv-az788-20"><testcase classname="tests.test_company_crud" name="test_read_company" time="0.068" /><testcase classname="tests.test_company_crud" name="test_create_company" time="0.019" /><testcase classname="tests.test_company_crud" name="test_update_company" time="0.019" /><testcase classname="tests.test_company_crud" name="test_delete_company" time="0.026" /></testsuite></testsuites>