<?xml version="1.0" encoding="utf-8"?><testsuites><testsuite name="pytest" errors="0" failures="15" skipped="0" tests="24" time="2.411" timestamp="2025-02-06T14:40:05.491790+00:00" hostname="fv-az1319-8"><testcase classname="tests.test_company_crud" name="test_read_companies" time="0.147"><failure message="KeyError: 'code'">client = &lt;starlette.testclient.TestClient object at 0x7fc0ff97c590&gt;
setup = None

    def test_read_companies(client: TestClient, setup: None):
        response = client.get("/company/").json()
&gt;       code = response["code"]
E       KeyError: 'code'

tests/test_company_crud.py:21: KeyError</failure></testcase><testcase classname="tests.test_company_crud" name="test_read_company" time="0.023"><failure message="KeyError: 'code'">client = &lt;starlette.testclient.TestClient object at 0x7fc0ff98ccd0&gt;
setup = None

    def test_read_company(client: TestClient, setup: None):
        response = client.get("/company/1").json()
&gt;       code = response["code"]
E       KeyError: 'code'

tests/test_company_crud.py:29: KeyError</failure></testcase><testcase classname="tests.test_company_crud" name="test_read_company_not_found" time="0.020"><failure message="KeyError: 'message'">client = &lt;starlette.testclient.TestClient object at 0x7fc0fe435450&gt;

    def test_read_company_not_found(client: TestClient):
        response = client.get("/company/2")
        assert response.status_code == 404
&gt;       assert response.json()["message"] == "公司不存在"
E       KeyError: 'message'

tests/test_company_crud.py:38: KeyError</failure></testcase><testcase classname="tests.test_company_crud" name="test_create_company" time="0.020"><failure message="KeyError: 'code'">client = &lt;starlette.testclient.TestClient object at 0x7fc0fe4ed940&gt;

    def test_create_company(client: TestClient):
        response = client.post(
            "/company/",
            json={
                "name": "Company A",
            },
        ).json()
&gt;       code = response["code"]
E       KeyError: 'code'

tests/test_company_crud.py:48: KeyError</failure></testcase><testcase classname="tests.test_company_crud" name="test_create_company_duplicate" time="0.022"><failure message="KeyError: 'code'">client = &lt;starlette.testclient.TestClient object at 0x7fc0fe4ef5c0&gt;
setup = None

    def test_create_company_duplicate(client: TestClient, setup: None):
        response = client.post(
            "/company/",
            json={
                "name": "Company Test",
            },
        ).json()
&gt;       code = response["code"]
E       KeyError: 'code'

tests/test_company_crud.py:61: KeyError</failure></testcase><testcase classname="tests.test_company_crud" name="test_update_company" time="0.022"><failure message="KeyError: 'code'">client = &lt;starlette.testclient.TestClient object at 0x7fc0fe455370&gt;
setup = None

    def test_update_company(client: TestClient, setup: None):
        response = client.put(
            "/company/1",
            json={
                "name": "Company B",
            },
        ).json()
        print(response)
&gt;       code = response["code"]
E       KeyError: 'code'

tests/test_company_crud.py:73: KeyError</failure></testcase><testcase classname="tests.test_company_crud" name="test_delete_company" time="0.022"><failure message="KeyError: 'code'">client = &lt;starlette.testclient.TestClient object at 0x7fc0fe306470&gt;
setup = None

    def test_delete_company(client: TestClient, setup: None):
        response = client.delete("/company/1").json()
&gt;       code = response["code"]
E       KeyError: 'code'

tests/test_company_crud.py:81: KeyError</failure></testcase><testcase classname="tests.test_meta_r" name="test_read_fuel_types" time="0.031" /><testcase classname="tests.test_meta_r" name="test_read_ship_types" time="0.029" /><testcase classname="tests.test_meta_r" name="test_read_time_zones" time="0.029" /><testcase classname="tests.test_upload_cr" name="test_read_vessel_data_upload_history" time="0.040" /><testcase classname="tests.test_upload_cr" name="test_upload_orginal_zip" time="0.051" /><testcase classname="tests.test_user_crud" name="test_read_users" time="0.026"><failure message="KeyError: 'code'">client = &lt;starlette.testclient.TestClient object at 0x7fc0ff9f67b0&gt;
setup = None

    def test_read_users(client, setup):
        response = client.get("/user/").json()
&gt;       code = response["code"]
E       KeyError: 'code'

tests/test_user_crud.py:25: KeyError</failure></testcase><testcase classname="tests.test_user_crud" name="test_read_user" time="0.025"><failure message="KeyError: 'code'">client = &lt;starlette.testclient.TestClient object at 0x7fc0fe366b30&gt;
setup = None

    def test_read_user(client, setup):
        response = client.get("/user/1").json()
        print("response: ", response)
    
&gt;       code = response["code"]
E       KeyError: 'code'

tests/test_user_crud.py:35: KeyError</failure></testcase><testcase classname="tests.test_user_crud" name="test_read_user_not_found" time="0.020"><failure message="AssertionError: assert 'Not Found' == '用户不存在'&#10;  &#10;  - 用户不存在&#10;  + Not Found">client = &lt;starlette.testclient.TestClient object at 0x7fc0fe3c3070&gt;

    def test_read_user_not_found(client):
        response = client.get("/user/2")
        assert response.status_code == 404
&gt;       assert response.json()["detail"] == "用户不存在"
E       AssertionError: assert 'Not Found' == '用户不存在'
E         
E         - 用户不存在
E         + Not Found

tests/test_user_crud.py:44: AssertionError</failure></testcase><testcase classname="tests.test_user_crud" name="test_create_user" time="0.024"><failure message="KeyError: 'code'">client = &lt;starlette.testclient.TestClient object at 0x7fc0fe366eb0&gt;
setup = None

    def test_create_user(client, setup):
        response = client.post(
            "/user/",
            json={
                "name": "User A",
                "username": "user_a",
                "hashed_password": "123456",
                "phone": "12345678999",
                "company_id": 1,
            },
        ).json()
&gt;       code = response["code"]
E       KeyError: 'code'

tests/test_user_crud.py:58: KeyError</failure></testcase><testcase classname="tests.test_user_crud" name="test_update_user" time="0.025"><failure message="KeyError: 'code'">client = &lt;starlette.testclient.TestClient object at 0x7fc0fe339a90&gt;
setup = None

    def test_update_user(client, setup):
        response = client.put(
            "/user/1",
            json={
                "name": "User B",
                "username": "user_b",
                "hashed_password": "123456",
                "phone": "12345678999",
                "company_id": 1,
            },
        ).json()
        print(response)
&gt;       code = response["code"]
E       KeyError: 'code'

tests/test_user_crud.py:76: KeyError</failure></testcase><testcase classname="tests.test_user_crud" name="test_delete_user" time="0.024"><failure message="KeyError: 'code'">client = &lt;starlette.testclient.TestClient object at 0x7fc0fe43c2f0&gt;
setup = None

    def test_delete_user(client, setup):
        response = client.delete("/user/1").json()
&gt;       code = response["code"]
E       KeyError: 'code'

tests/test_user_crud.py:84: KeyError</failure></testcase><testcase classname="tests.test_vessel_crud" name="test_read_vessels" time="0.032" /><testcase classname="tests.test_vessel_crud" name="test_read_vessel" time="0.042" /><testcase classname="tests.test_vessel_crud" name="test_read_vessel_not_found" time="0.025"><failure message="app.core.error.NotFoundException">client = &lt;starlette.testclient.TestClient object at 0x7fc0fe3c3cb0&gt;

    def test_read_vessel_not_found(client: TestClient):
&gt;       response = client.get("/vessel/2")

tests/test_vessel_crud.py:70: 
_ _ _ _ _ _ _ _ _ _ _ _ _ _ _ _ _ _ _ _ _ _ _ _ _ _ _ _ _ _ _ _ _ _ _ _ _ _ _ _ 
../../../../.cache/pypoetry/virtualenvs/non-package-mode-NjsN46fl-py3.13/lib/python3.13/site-packages/starlette/testclient.py:514: in get
    return super().get(
../../../../.cache/pypoetry/virtualenvs/non-package-mode-NjsN46fl-py3.13/lib/python3.13/site-packages/httpx/_client.py:1066: in get
    return self.request(
../../../../.cache/pypoetry/virtualenvs/non-package-mode-NjsN46fl-py3.13/lib/python3.13/site-packages/starlette/testclient.py:484: in request
    return super().request(
../../../../.cache/pypoetry/virtualenvs/non-package-mode-NjsN46fl-py3.13/lib/python3.13/site-packages/httpx/_client.py:837: in request
    return self.send(request, auth=auth, follow_redirects=follow_redirects)
../../../../.cache/pypoetry/virtualenvs/non-package-mode-NjsN46fl-py3.13/lib/python3.13/site-packages/httpx/_client.py:926: in send
    response = self._send_handling_auth(
../../../../.cache/pypoetry/virtualenvs/non-package-mode-NjsN46fl-py3.13/lib/python3.13/site-packages/httpx/_client.py:954: in _send_handling_auth
    response = self._send_handling_redirects(
../../../../.cache/pypoetry/virtualenvs/non-package-mode-NjsN46fl-py3.13/lib/python3.13/site-packages/httpx/_client.py:991: in _send_handling_redirects
    response = self._send_single_request(request)
../../../../.cache/pypoetry/virtualenvs/non-package-mode-NjsN46fl-py3.13/lib/python3.13/site-packages/httpx/_client.py:1027: in _send_single_request
    response = transport.handle_request(request)
../../../../.cache/pypoetry/virtualenvs/non-package-mode-NjsN46fl-py3.13/lib/python3.13/site-packages/starlette/testclient.py:377: in handle_request
    raise exc
../../../../.cache/pypoetry/virtualenvs/non-package-mode-NjsN46fl-py3.13/lib/python3.13/site-packages/starlette/testclient.py:374: in handle_request
    portal.call(self.app, scope, receive, send)
../../../../.cache/pypoetry/virtualenvs/non-package-mode-NjsN46fl-py3.13/lib/python3.13/site-packages/anyio/from_thread.py:290: in call
    return cast(T_Retval, self.start_task_soon(func, *args).result())
/opt/hostedtoolcache/Python/3.13.1/x64/lib/python3.13/concurrent/futures/_base.py:456: in result
    return self.__get_result()
/opt/hostedtoolcache/Python/3.13.1/x64/lib/python3.13/concurrent/futures/_base.py:401: in __get_result
    raise self._exception
../../../../.cache/pypoetry/virtualenvs/non-package-mode-NjsN46fl-py3.13/lib/python3.13/site-packages/anyio/from_thread.py:221: in _call_func
    retval = await retval_or_awaitable
../../../../.cache/pypoetry/virtualenvs/non-package-mode-NjsN46fl-py3.13/lib/python3.13/site-packages/fastapi/applications.py:1054: in __call__
    await super().__call__(scope, receive, send)
../../../../.cache/pypoetry/virtualenvs/non-package-mode-NjsN46fl-py3.13/lib/python3.13/site-packages/starlette/applications.py:113: in __call__
    await self.middleware_stack(scope, receive, send)
../../../../.cache/pypoetry/virtualenvs/non-package-mode-NjsN46fl-py3.13/lib/python3.13/site-packages/starlette/middleware/errors.py:187: in __call__
    raise exc
../../../../.cache/pypoetry/virtualenvs/non-package-mode-NjsN46fl-py3.13/lib/python3.13/site-packages/starlette/middleware/errors.py:165: in __call__
    await self.app(scope, receive, _send)
../../../../.cache/pypoetry/virtualenvs/non-package-mode-NjsN46fl-py3.13/lib/python3.13/site-packages/starlette/middleware/exceptions.py:62: in __call__
    await wrap_app_handling_exceptions(self.app, conn)(scope, receive, send)
../../../../.cache/pypoetry/virtualenvs/non-package-mode-NjsN46fl-py3.13/lib/python3.13/site-packages/starlette/_exception_handler.py:53: in wrapped_app
    raise exc
../../../../.cache/pypoetry/virtualenvs/non-package-mode-NjsN46fl-py3.13/lib/python3.13/site-packages/starlette/_exception_handler.py:42: in wrapped_app
    await app(scope, receive, sender)
../../../../.cache/pypoetry/virtualenvs/non-package-mode-NjsN46fl-py3.13/lib/python3.13/site-packages/starlette/routing.py:715: in __call__
    await self.middleware_stack(scope, receive, send)
../../../../.cache/pypoetry/virtualenvs/non-package-mode-NjsN46fl-py3.13/lib/python3.13/site-packages/starlette/routing.py:735: in app
    await route.handle(scope, receive, send)
../../../../.cache/pypoetry/virtualenvs/non-package-mode-NjsN46fl-py3.13/lib/python3.13/site-packages/starlette/routing.py:288: in handle
    await self.app(scope, receive, send)
../../../../.cache/pypoetry/virtualenvs/non-package-mode-NjsN46fl-py3.13/lib/python3.13/site-packages/starlette/routing.py:76: in app
    await wrap_app_handling_exceptions(app, request)(scope, receive, send)
../../../../.cache/pypoetry/virtualenvs/non-package-mode-NjsN46fl-py3.13/lib/python3.13/site-packages/starlette/_exception_handler.py:53: in wrapped_app
    raise exc
../../../../.cache/pypoetry/virtualenvs/non-package-mode-NjsN46fl-py3.13/lib/python3.13/site-packages/starlette/_exception_handler.py:42: in wrapped_app
    await app(scope, receive, sender)
../../../../.cache/pypoetry/virtualenvs/non-package-mode-NjsN46fl-py3.13/lib/python3.13/site-packages/starlette/routing.py:73: in app
    response = await f(request)
../../../../.cache/pypoetry/virtualenvs/non-package-mode-NjsN46fl-py3.13/lib/python3.13/site-packages/fastapi/routing.py:301: in app
    raw_response = await run_endpoint_function(
../../../../.cache/pypoetry/virtualenvs/non-package-mode-NjsN46fl-py3.13/lib/python3.13/site-packages/fastapi/routing.py:212: in run_endpoint_function
    return await dependant.call(**values)
app/router/vessel.py:43: in get_vessel
    vessel = service.get_vessel_by_id(vessel_id)
_ _ _ _ _ _ _ _ _ _ _ _ _ _ _ _ _ _ _ _ _ _ _ _ _ _ _ _ _ _ _ _ _ _ _ _ _ _ _ _ 

self = &lt;app.service.vessel.VesselService object at 0x7fc0fe446c40&gt;
vessel_id = 2

    def get_vessel_by_id(self, vessel_id: int) -&gt; Vessel:
        vessel = self.session.get(Vessel, vessel_id)
        if not vessel:
&gt;           raise NotFoundException(detail="船舶不存在")
E           app.core.error.NotFoundException

app/service/vessel.py:29: NotFoundException</failure></testcase><testcase classname="tests.test_vessel_crud" name="test_create_vessel" time="0.060" /><testcase classname="tests.test_vessel_crud" name="test_update_vessel" time="0.059" /><testcase classname="tests.test_vessel_crud" name="test_delete_vessel" time="0.042"><failure message="app.core.error.NotFoundException">client = &lt;starlette.testclient.TestClient object at 0x7fc0fe77bbd0&gt;
setup = None

    def test_delete_vessel(client: TestClient, setup):
        response = client.delete("/vessel/1").json()
        code = response["code"]
        message = response["message"]
        assert code == 200
        assert message == "船舶删除成功"
    
&gt;       not_found_response = client.get("/vessel/1")

tests/test_vessel_crud.py:168: 
_ _ _ _ _ _ _ _ _ _ _ _ _ _ _ _ _ _ _ _ _ _ _ _ _ _ _ _ _ _ _ _ _ _ _ _ _ _ _ _ 
../../../../.cache/pypoetry/virtualenvs/non-package-mode-NjsN46fl-py3.13/lib/python3.13/site-packages/starlette/testclient.py:514: in get
    return super().get(
../../../../.cache/pypoetry/virtualenvs/non-package-mode-NjsN46fl-py3.13/lib/python3.13/site-packages/httpx/_client.py:1066: in get
    return self.request(
../../../../.cache/pypoetry/virtualenvs/non-package-mode-NjsN46fl-py3.13/lib/python3.13/site-packages/starlette/testclient.py:484: in request
    return super().request(
../../../../.cache/pypoetry/virtualenvs/non-package-mode-NjsN46fl-py3.13/lib/python3.13/site-packages/httpx/_client.py:837: in request
    return self.send(request, auth=auth, follow_redirects=follow_redirects)
../../../../.cache/pypoetry/virtualenvs/non-package-mode-NjsN46fl-py3.13/lib/python3.13/site-packages/httpx/_client.py:926: in send
    response = self._send_handling_auth(
../../../../.cache/pypoetry/virtualenvs/non-package-mode-NjsN46fl-py3.13/lib/python3.13/site-packages/httpx/_client.py:954: in _send_handling_auth
    response = self._send_handling_redirects(
../../../../.cache/pypoetry/virtualenvs/non-package-mode-NjsN46fl-py3.13/lib/python3.13/site-packages/httpx/_client.py:991: in _send_handling_redirects
    response = self._send_single_request(request)
../../../../.cache/pypoetry/virtualenvs/non-package-mode-NjsN46fl-py3.13/lib/python3.13/site-packages/httpx/_client.py:1027: in _send_single_request
    response = transport.handle_request(request)
../../../../.cache/pypoetry/virtualenvs/non-package-mode-NjsN46fl-py3.13/lib/python3.13/site-packages/starlette/testclient.py:377: in handle_request
    raise exc
../../../../.cache/pypoetry/virtualenvs/non-package-mode-NjsN46fl-py3.13/lib/python3.13/site-packages/starlette/testclient.py:374: in handle_request
    portal.call(self.app, scope, receive, send)
../../../../.cache/pypoetry/virtualenvs/non-package-mode-NjsN46fl-py3.13/lib/python3.13/site-packages/anyio/from_thread.py:290: in call
    return cast(T_Retval, self.start_task_soon(func, *args).result())
/opt/hostedtoolcache/Python/3.13.1/x64/lib/python3.13/concurrent/futures/_base.py:456: in result
    return self.__get_result()
/opt/hostedtoolcache/Python/3.13.1/x64/lib/python3.13/concurrent/futures/_base.py:401: in __get_result
    raise self._exception
../../../../.cache/pypoetry/virtualenvs/non-package-mode-NjsN46fl-py3.13/lib/python3.13/site-packages/anyio/from_thread.py:221: in _call_func
    retval = await retval_or_awaitable
../../../../.cache/pypoetry/virtualenvs/non-package-mode-NjsN46fl-py3.13/lib/python3.13/site-packages/fastapi/applications.py:1054: in __call__
    await super().__call__(scope, receive, send)
../../../../.cache/pypoetry/virtualenvs/non-package-mode-NjsN46fl-py3.13/lib/python3.13/site-packages/starlette/applications.py:113: in __call__
    await self.middleware_stack(scope, receive, send)
../../../../.cache/pypoetry/virtualenvs/non-package-mode-NjsN46fl-py3.13/lib/python3.13/site-packages/starlette/middleware/errors.py:187: in __call__
    raise exc
../../../../.cache/pypoetry/virtualenvs/non-package-mode-NjsN46fl-py3.13/lib/python3.13/site-packages/starlette/middleware/errors.py:165: in __call__
    await self.app(scope, receive, _send)
../../../../.cache/pypoetry/virtualenvs/non-package-mode-NjsN46fl-py3.13/lib/python3.13/site-packages/starlette/middleware/exceptions.py:62: in __call__
    await wrap_app_handling_exceptions(self.app, conn)(scope, receive, send)
../../../../.cache/pypoetry/virtualenvs/non-package-mode-NjsN46fl-py3.13/lib/python3.13/site-packages/starlette/_exception_handler.py:53: in wrapped_app
    raise exc
../../../../.cache/pypoetry/virtualenvs/non-package-mode-NjsN46fl-py3.13/lib/python3.13/site-packages/starlette/_exception_handler.py:42: in wrapped_app
    await app(scope, receive, sender)
../../../../.cache/pypoetry/virtualenvs/non-package-mode-NjsN46fl-py3.13/lib/python3.13/site-packages/starlette/routing.py:715: in __call__
    await self.middleware_stack(scope, receive, send)
../../../../.cache/pypoetry/virtualenvs/non-package-mode-NjsN46fl-py3.13/lib/python3.13/site-packages/starlette/routing.py:735: in app
    await route.handle(scope, receive, send)
../../../../.cache/pypoetry/virtualenvs/non-package-mode-NjsN46fl-py3.13/lib/python3.13/site-packages/starlette/routing.py:288: in handle
    await self.app(scope, receive, send)
../../../../.cache/pypoetry/virtualenvs/non-package-mode-NjsN46fl-py3.13/lib/python3.13/site-packages/starlette/routing.py:76: in app
    await wrap_app_handling_exceptions(app, request)(scope, receive, send)
../../../../.cache/pypoetry/virtualenvs/non-package-mode-NjsN46fl-py3.13/lib/python3.13/site-packages/starlette/_exception_handler.py:53: in wrapped_app
    raise exc
../../../../.cache/pypoetry/virtualenvs/non-package-mode-NjsN46fl-py3.13/lib/python3.13/site-packages/starlette/_exception_handler.py:42: in wrapped_app
    await app(scope, receive, sender)
../../../../.cache/pypoetry/virtualenvs/non-package-mode-NjsN46fl-py3.13/lib/python3.13/site-packages/starlette/routing.py:73: in app
    response = await f(request)
../../../../.cache/pypoetry/virtualenvs/non-package-mode-NjsN46fl-py3.13/lib/python3.13/site-packages/fastapi/routing.py:301: in app
    raw_response = await run_endpoint_function(
../../../../.cache/pypoetry/virtualenvs/non-package-mode-NjsN46fl-py3.13/lib/python3.13/site-packages/fastapi/routing.py:212: in run_endpoint_function
    return await dependant.call(**values)
app/router/vessel.py:43: in get_vessel
    vessel = service.get_vessel_by_id(vessel_id)
_ _ _ _ _ _ _ _ _ _ _ _ _ _ _ _ _ _ _ _ _ _ _ _ _ _ _ _ _ _ _ _ _ _ _ _ _ _ _ _ 

self = &lt;app.service.vessel.VesselService object at 0x7fc0fe452be0&gt;
vessel_id = 1

    def get_vessel_by_id(self, vessel_id: int) -&gt; Vessel:
        vessel = self.session.get(Vessel, vessel_id)
        if not vessel:
&gt;           raise NotFoundException(detail="船舶不存在")
E           app.core.error.NotFoundException

app/service/vessel.py:29: NotFoundException</failure></testcase></testsuite></testsuites>