<?xml version="1.0" encoding="utf-8"?><testsuites><testsuite name="pytest" errors="0" failures="0" skipped="0" tests="8" time="0.349" timestamp="2025-01-04T12:58:08.518656+00:00" hostname="fv-az2023-518"><testcase classname="tests.test_company_crud" name="test_read_company" time="0.071" /><testcase classname="tests.test_company_crud" name="test_create_company" time="0.020" /><testcase classname="tests.test_company_crud" name="test_update_company" time="0.020" /><testcase classname="tests.test_company_crud" name="test_delete_company" time="0.026" /><testcase classname="tests.test_user_crud" name="test_read_user" time="0.019" /><testcase classname="tests.test_user_crud" name="test_create_user" time="0.019" /><testcase classname="tests.test_user_crud" name="test_update_user" time="0.022" /><testcase classname="tests.test_user_crud" name="test_delete_user" time="0.020" /></testsuite></testsuites>